<?xml version="1.0" encoding="UTF-8"?>
<testsuite xmlns:xsi="http://www.w3.org/2001/XMLSchema-instance" xsi:noNamespaceSchemaLocation="https://maven.apache.org/surefire/maven-surefire-plugin/xsd/surefire-test-report.xsd" version="3.0.2" name="com.example.poc.PocSpringPostgresApplicationTests" time="2.308" tests="1" errors="0" skipped="0" failures="0">
  <properties>
    <property name="java.specification.version" value="17"/>
    <property name="sun.jnu.encoding" value="UTF-8"/>
    <property name="java.class.path" value="/workspaces/transportation/transportation-codespace-stunning-space-meme-6r5x47jgxrw247v4/target/test-classes:/workspaces/transportation/transportation-codespace-stunning-space-meme-6r5x47jgxrw247v4/target/classes:/home/codespace/.m2/repository/org/springframework/boot/spring-boot-starter-data-jpa/3.4.3/spring-boot-starter-data-jpa-3.4.3.jar:/home/codespace/.m2/repository/org/springframework/boot/spring-boot-starter/3.4.3/spring-boot-starter-3.4.3.jar:/home/codespace/.m2/repository/org/springframework/boot/spring-boot-starter-logging/3.4.3/spring-boot-starter-logging-3.4.3.jar:/home/codespace/.m2/repository/ch/qos/logback/logback-classic/1.5.16/logback-classic-1.5.16.jar:/home/codespace/.m2/repository/ch/qos/logback/logback-core/1.5.16/logback-core-1.5.16.jar:/home/codespace/.m2/repository/org/apache/logging/log4j/log4j-to-slf4j/2.24.3/log4j-to-slf4j-2.24.3.jar:/home/codespace/.m2/repository/org/apache/logging/log4j/log4j-api/2.24.3/log4j-api-2.24.3.jar:/home/codespace/.m2/repository/org/slf4j/jul-to-slf4j/2.0.16/jul-to-slf4j-2.0.16.jar:/home/codespace/.m2/repository/jakarta/annotation/jakarta.annotation-api/2.1.1/jakarta.annotation-api-2.1.1.jar:/home/codespace/.m2/repository/org/yaml/snakeyaml/2.3/snakeyaml-2.3.jar:/home/codespace/.m2/repository/org/springframework/boot/spring-boot-starter-jdbc/3.4.3/spring-boot-starter-jdbc-3.4.3.jar:/home/codespace/.m2/repository/com/zaxxer/HikariCP/5.1.0/HikariCP-5.1.0.jar:/home/codespace/.m2/repository/org/springframework/spring-jdbc/6.2.3/spring-jdbc-6.2.3.jar:/home/codespace/.m2/repository/org/hibernate/orm/hibernate-core/6.6.8.Final/hibernate-core-6.6.8.Final.jar:/home/codespace/.m2/repository/jakarta/persistence/jakarta.persistence-api/3.1.0/jakarta.persistence-api-3.1.0.jar:/home/codespace/.m2/repository/jakarta/transaction/jakarta.transaction-api/2.0.1/jakarta.transaction-api-2.0.1.jar:/home/codespace/.m2/repository/org/jboss/logging/jboss-logging/3.6.1.Final/jboss-logging-3.6.1.Final.jar:/home/codespace/.m2/repository/org/hibernate/common/hibernate-commons-annotations/7.0.3.Final/hibernate-commons-annotations-7.0.3.Final.jar:/home/codespace/.m2/repository/io/smallrye/jandex/3.2.0/jandex-3.2.0.jar:/home/codespace/.m2/repository/com/fasterxml/classmate/1.7.0/classmate-1.7.0.jar:/home/codespace/.m2/repository/net/bytebuddy/byte-buddy/1.15.11/byte-buddy-1.15.11.jar:/home/codespace/.m2/repository/org/glassfish/jaxb/jaxb-runtime/4.0.5/jaxb-runtime-4.0.5.jar:/home/codespace/.m2/repository/org/glassfish/jaxb/jaxb-core/4.0.5/jaxb-core-4.0.5.jar:/home/codespace/.m2/repository/org/eclipse/angus/angus-activation/2.0.2/angus-activation-2.0.2.jar:/home/codespace/.m2/repository/org/glassfish/jaxb/txw2/4.0.5/txw2-4.0.5.jar:/home/codespace/.m2/repository/com/sun/istack/istack-commons-runtime/4.1.2/istack-commons-runtime-4.1.2.jar:/home/codespace/.m2/repository/jakarta/inject/jakarta.inject-api/2.0.1/jakarta.inject-api-2.0.1.jar:/home/codespace/.m2/repository/org/antlr/antlr4-runtime/4.13.0/antlr4-runtime-4.13.0.jar:/home/codespace/.m2/repository/org/springframework/data/spring-data-jpa/3.4.3/spring-data-jpa-3.4.3.jar:/home/codespace/.m2/repository/org/springframework/data/spring-data-commons/3.4.3/spring-data-commons-3.4.3.jar:/home/codespace/.m2/repository/org/springframework/spring-orm/6.2.3/spring-orm-6.2.3.jar:/home/codespace/.m2/repository/org/springframework/spring-context/6.2.3/spring-context-6.2.3.jar:/home/codespace/.m2/repository/org/springframework/spring-tx/6.2.3/spring-tx-6.2.3.jar:/home/codespace/.m2/repository/org/springframework/spring-beans/6.2.3/spring-beans-6.2.3.jar:/home/codespace/.m2/repository/org/slf4j/slf4j-api/2.0.16/slf4j-api-2.0.16.jar:/home/codespace/.m2/repository/org/springframework/spring-aspects/6.2.3/spring-aspects-6.2.3.jar:/home/codespace/.m2/repository/org/aspectj/aspectjweaver/1.9.22.1/aspectjweaver-1.9.22.1.jar:/home/codespace/.m2/repository/org/springframework/boot/spring-boot-starter-web/3.4.3/spring-boot-starter-web-3.4.3.jar:/home/codespace/.m2/repository/org/springframework/boot/spring-boot-starter-json/3.4.3/spring-boot-starter-json-3.4.3.jar:/home/codespace/.m2/repository/com/fasterxml/jackson/core/jackson-databind/2.18.2/jackson-databind-2.18.2.jar:/home/codespace/.m2/repository/com/fasterxml/jackson/core/jackson-annotations/2.18.2/jackson-annotations-2.18.2.jar:/home/codespace/.m2/repository/com/fasterxml/jackson/core/jackson-core/2.18.2/jackson-core-2.18.2.jar:/home/codespace/.m2/repository/com/fasterxml/jackson/datatype/jackson-datatype-jdk8/2.18.2/jackson-datatype-jdk8-2.18.2.jar:/home/codespace/.m2/repository/com/fasterxml/jackson/datatype/jackson-datatype-jsr310/2.18.2/jackson-datatype-jsr310-2.18.2.jar:/home/codespace/.m2/repository/com/fasterxml/jackson/module/jackson-module-parameter-names/2.18.2/jackson-module-parameter-names-2.18.2.jar:/home/codespace/.m2/repository/org/springframework/boot/spring-boot-starter-tomcat/3.4.3/spring-boot-starter-tomcat-3.4.3.jar:/home/codespace/.m2/repository/org/apache/tomcat/embed/tomcat-embed-core/10.1.36/tomcat-embed-core-10.1.36.jar:/home/codespace/.m2/repository/org/apache/tomcat/embed/tomcat-embed-el/10.1.36/tomcat-embed-el-10.1.36.jar:/home/codespace/.m2/repository/org/apache/tomcat/embed/tomcat-embed-websocket/10.1.36/tomcat-embed-websocket-10.1.36.jar:/home/codespace/.m2/repository/org/springframework/spring-web/6.2.3/spring-web-6.2.3.jar:/home/codespace/.m2/repository/io/micrometer/micrometer-observation/1.14.4/micrometer-observation-1.14.4.jar:/home/codespace/.m2/repository/io/micrometer/micrometer-commons/1.14.4/micrometer-commons-1.14.4.jar:/home/codespace/.m2/repository/org/springframework/spring-webmvc/6.2.3/spring-webmvc-6.2.3.jar:/home/codespace/.m2/repository/org/springframework/spring-expression/6.2.3/spring-expression-6.2.3.jar:/home/codespace/.m2/repository/org/springframework/boot/spring-boot-devtools/3.4.3/spring-boot-devtools-3.4.3.jar:/home/codespace/.m2/repository/org/springframework/boot/spring-boot/3.4.3/spring-boot-3.4.3.jar:/home/codespace/.m2/repository/org/springframework/boot/spring-boot-autoconfigure/3.4.3/spring-boot-autoconfigure-3.4.3.jar:/home/codespace/.m2/repository/org/postgresql/postgresql/42.7.5/postgresql-42.7.5.jar:/home/codespace/.m2/repository/org/checkerframework/checker-qual/3.48.3/checker-qual-3.48.3.jar:/home/codespace/.m2/repository/org/projectlombok/lombok/1.18.36/lombok-1.18.36.jar:/home/codespace/.m2/repository/org/springframework/boot/spring-boot-starter-test/3.4.3/spring-boot-starter-test-3.4.3.jar:/home/codespace/.m2/repository/org/springframework/boot/spring-boot-test/3.4.3/spring-boot-test-3.4.3.jar:/home/codespace/.m2/repository/org/springframework/boot/spring-boot-test-autoconfigure/3.4.3/spring-boot-test-autoconfigure-3.4.3.jar:/home/codespace/.m2/repository/com/jayway/jsonpath/json-path/2.9.0/json-path-2.9.0.jar:/home/codespace/.m2/repository/jakarta/xml/bind/jakarta.xml.bind-api/4.0.2/jakarta.xml.bind-api-4.0.2.jar:/home/codespace/.m2/repository/jakarta/activation/jakarta.activation-api/2.1.3/jakarta.activation-api-2.1.3.jar:/home/codespace/.m2/repository/net/minidev/json-smart/2.5.2/json-smart-2.5.2.jar:/home/codespace/.m2/repository/net/minidev/accessors-smart/2.5.2/accessors-smart-2.5.2.jar:/home/codespace/.m2/repository/org/ow2/asm/asm/9.7.1/asm-9.7.1.jar:/home/codespace/.m2/repository/org/assertj/assertj-core/3.26.3/assertj-core-3.26.3.jar:/home/codespace/.m2/repository/org/awaitility/awaitility/4.2.2/awaitility-4.2.2.jar:/home/codespace/.m2/repository/org/hamcrest/hamcrest/2.2/hamcrest-2.2.jar:/home/codespace/.m2/repository/org/junit/jupiter/junit-jupiter/5.11.4/junit-jupiter-5.11.4.jar:/home/codespace/.m2/repository/org/junit/jupiter/junit-jupiter-api/5.11.4/junit-jupiter-api-5.11.4.jar:/home/codespace/.m2/repository/org/opentest4j/opentest4j/1.3.0/opentest4j-1.3.0.jar:/home/codespace/.m2/repository/org/junit/platform/junit-platform-commons/1.11.4/junit-platform-commons-1.11.4.jar:/home/codespace/.m2/repository/org/apiguardian/apiguardian-api/1.1.2/apiguardian-api-1.1.2.jar:/home/codespace/.m2/repository/org/junit/jupiter/junit-jupiter-params/5.11.4/junit-jupiter-params-5.11.4.jar:/home/codespace/.m2/repository/org/junit/jupiter/junit-jupiter-engine/5.11.4/junit-jupiter-engine-5.11.4.jar:/home/codespace/.m2/repository/org/junit/platform/junit-platform-engine/1.11.4/junit-platform-engine-1.11.4.jar:/home/codespace/.m2/repository/org/mockito/mockito-core/5.14.2/mockito-core-5.14.2.jar:/home/codespace/.m2/repository/net/bytebuddy/byte-buddy-agent/1.15.11/byte-buddy-agent-1.15.11.jar:/home/codespace/.m2/repository/org/objenesis/objenesis/3.3/objenesis-3.3.jar:/home/codespace/.m2/repository/org/mockito/mockito-junit-jupiter/5.14.2/mockito-junit-jupiter-5.14.2.jar:/home/codespace/.m2/repository/org/skyscreamer/jsonassert/1.5.3/jsonassert-1.5.3.jar:/home/codespace/.m2/repository/com/vaadin/external/google/android-json/0.0.20131108.vaadin1/android-json-0.0.20131108.vaadin1.jar:/home/codespace/.m2/repository/org/springframework/spring-core/6.2.3/spring-core-6.2.3.jar:/home/codespace/.m2/repository/org/springframework/spring-jcl/6.2.3/spring-jcl-6.2.3.jar:/home/codespace/.m2/repository/org/springframework/spring-test/6.2.3/spring-test-6.2.3.jar:/home/codespace/.m2/repository/org/xmlunit/xmlunit-core/2.10.0/xmlunit-core-2.10.0.jar:/home/codespace/.m2/repository/org/springframework/boot/spring-boot-starter-security/3.4.3/spring-boot-starter-security-3.4.3.jar:/home/codespace/.m2/repository/org/springframework/spring-aop/6.2.3/spring-aop-6.2.3.jar:/home/codespace/.m2/repository/org/springframework/security/spring-security-config/6.4.3/spring-security-config-6.4.3.jar:/home/codespace/.m2/repository/org/springframework/security/spring-security-core/6.4.3/spring-security-core-6.4.3.jar:/home/codespace/.m2/repository/org/springframework/security/spring-security-crypto/6.4.3/spring-security-crypto-6.4.3.jar:/home/codespace/.m2/repository/org/springframework/security/spring-security-web/6.4.3/spring-security-web-6.4.3.jar:/home/codespace/.m2/repository/org/mapstruct/mapstruct/1.5.3.Final/mapstruct-1.5.3.Final.jar:/home/codespace/.m2/repository/org/mapstruct/mapstruct-processor/1.5.3.Final/mapstruct-processor-1.5.3.Final.jar:"/>
    <property name="java.vm.vendor" value="Ubuntu"/>
    <property name="sun.arch.data.model" value="64"/>
    <property name="java.vendor.url" value="https://ubuntu.com/"/>
    <property name="user.timezone" value="Etc/UTC"/>
    <property name="org.jboss.logging.provider" value="slf4j"/>
    <property name="os.name" value="Linux"/>
    <property name="java.vm.specification.version" value="17"/>
    <property name="sun.java.launcher" value="SUN_STANDARD"/>
    <property name="sun.boot.library.path" value="/usr/lib/jvm/java-17-openjdk-amd64/lib"/>
    <property name="sun.java.command" value="/workspaces/transportation/transportation-codespace-stunning-space-meme-6r5x47jgxrw247v4/target/surefire/surefirebooter-20250325122344357_3.jar /workspaces/transportation/transportation-codespace-stunning-space-meme-6r5x47jgxrw247v4/target/surefire 2025-03-25T12-23-44_248-jvmRun1 surefire-20250325122344357_1tmp surefire_0-20250325122344357_2tmp"/>
    <property name="jdk.debug" value="release"/>
    <property name="surefire.test.class.path" value="/workspaces/transportation/transportation-codespace-stunning-space-meme-6r5x47jgxrw247v4/target/test-classes:/workspaces/transportation/transportation-codespace-stunning-space-meme-6r5x47jgxrw247v4/target/classes:/home/codespace/.m2/repository/org/springframework/boot/spring-boot-starter-data-jpa/3.4.3/spring-boot-starter-data-jpa-3.4.3.jar:/home/codespace/.m2/repository/org/springframework/boot/spring-boot-starter/3.4.3/spring-boot-starter-3.4.3.jar:/home/codespace/.m2/repository/org/springframework/boot/spring-boot-starter-logging/3.4.3/spring-boot-starter-logging-3.4.3.jar:/home/codespace/.m2/repository/ch/qos/logback/logback-classic/1.5.16/logback-classic-1.5.16.jar:/home/codespace/.m2/repository/ch/qos/logback/logback-core/1.5.16/logback-core-1.5.16.jar:/home/codespace/.m2/repository/org/apache/logging/log4j/log4j-to-slf4j/2.24.3/log4j-to-slf4j-2.24.3.jar:/home/codespace/.m2/repository/org/apache/logging/log4j/log4j-api/2.24.3/log4j-api-2.24.3.jar:/home/codespace/.m2/repository/org/slf4j/jul-to-slf4j/2.0.16/jul-to-slf4j-2.0.16.jar:/home/codespace/.m2/repository/jakarta/annotation/jakarta.annotation-api/2.1.1/jakarta.annotation-api-2.1.1.jar:/home/codespace/.m2/repository/org/yaml/snakeyaml/2.3/snakeyaml-2.3.jar:/home/codespace/.m2/repository/org/springframework/boot/spring-boot-starter-jdbc/3.4.3/spring-boot-starter-jdbc-3.4.3.jar:/home/codespace/.m2/repository/com/zaxxer/HikariCP/5.1.0/HikariCP-5.1.0.jar:/home/codespace/.m2/repository/org/springframework/spring-jdbc/6.2.3/spring-jdbc-6.2.3.jar:/home/codespace/.m2/repository/org/hibernate/orm/hibernate-core/6.6.8.Final/hibernate-core-6.6.8.Final.jar:/home/codespace/.m2/repository/jakarta/persistence/jakarta.persistence-api/3.1.0/jakarta.persistence-api-3.1.0.jar:/home/codespace/.m2/repository/jakarta/transaction/jakarta.transaction-api/2.0.1/jakarta.transaction-api-2.0.1.jar:/home/codespace/.m2/repository/org/jboss/logging/jboss-logging/3.6.1.Final/jboss-logging-3.6.1.Final.jar:/home/codespace/.m2/repository/org/hibernate/common/hibernate-commons-annotations/7.0.3.Final/hibernate-commons-annotations-7.0.3.Final.jar:/home/codespace/.m2/repository/io/smallrye/jandex/3.2.0/jandex-3.2.0.jar:/home/codespace/.m2/repository/com/fasterxml/classmate/1.7.0/classmate-1.7.0.jar:/home/codespace/.m2/repository/net/bytebuddy/byte-buddy/1.15.11/byte-buddy-1.15.11.jar:/home/codespace/.m2/repository/org/glassfish/jaxb/jaxb-runtime/4.0.5/jaxb-runtime-4.0.5.jar:/home/codespace/.m2/repository/org/glassfish/jaxb/jaxb-core/4.0.5/jaxb-core-4.0.5.jar:/home/codespace/.m2/repository/org/eclipse/angus/angus-activation/2.0.2/angus-activation-2.0.2.jar:/home/codespace/.m2/repository/org/glassfish/jaxb/txw2/4.0.5/txw2-4.0.5.jar:/home/codespace/.m2/repository/com/sun/istack/istack-commons-runtime/4.1.2/istack-commons-runtime-4.1.2.jar:/home/codespace/.m2/repository/jakarta/inject/jakarta.inject-api/2.0.1/jakarta.inject-api-2.0.1.jar:/home/codespace/.m2/repository/org/antlr/antlr4-runtime/4.13.0/antlr4-runtime-4.13.0.jar:/home/codespace/.m2/repository/org/springframework/data/spring-data-jpa/3.4.3/spring-data-jpa-3.4.3.jar:/home/codespace/.m2/repository/org/springframework/data/spring-data-commons/3.4.3/spring-data-commons-3.4.3.jar:/home/codespace/.m2/repository/org/springframework/spring-orm/6.2.3/spring-orm-6.2.3.jar:/home/codespace/.m2/repository/org/springframework/spring-context/6.2.3/spring-context-6.2.3.jar:/home/codespace/.m2/repository/org/springframework/spring-tx/6.2.3/spring-tx-6.2.3.jar:/home/codespace/.m2/repository/org/springframework/spring-beans/6.2.3/spring-beans-6.2.3.jar:/home/codespace/.m2/repository/org/slf4j/slf4j-api/2.0.16/slf4j-api-2.0.16.jar:/home/codespace/.m2/repository/org/springframework/spring-aspects/6.2.3/spring-aspects-6.2.3.jar:/home/codespace/.m2/repository/org/aspectj/aspectjweaver/1.9.22.1/aspectjweaver-1.9.22.1.jar:/home/codespace/.m2/repository/org/springframework/boot/spring-boot-starter-web/3.4.3/spring-boot-starter-web-3.4.3.jar:/home/codespace/.m2/repository/org/springframework/boot/spring-boot-starter-json/3.4.3/spring-boot-starter-json-3.4.3.jar:/home/codespace/.m2/repository/com/fasterxml/jackson/core/jackson-databind/2.18.2/jackson-databind-2.18.2.jar:/home/codespace/.m2/repository/com/fasterxml/jackson/core/jackson-annotations/2.18.2/jackson-annotations-2.18.2.jar:/home/codespace/.m2/repository/com/fasterxml/jackson/core/jackson-core/2.18.2/jackson-core-2.18.2.jar:/home/codespace/.m2/repository/com/fasterxml/jackson/datatype/jackson-datatype-jdk8/2.18.2/jackson-datatype-jdk8-2.18.2.jar:/home/codespace/.m2/repository/com/fasterxml/jackson/datatype/jackson-datatype-jsr310/2.18.2/jackson-datatype-jsr310-2.18.2.jar:/home/codespace/.m2/repository/com/fasterxml/jackson/module/jackson-module-parameter-names/2.18.2/jackson-module-parameter-names-2.18.2.jar:/home/codespace/.m2/repository/org/springframework/boot/spring-boot-starter-tomcat/3.4.3/spring-boot-starter-tomcat-3.4.3.jar:/home/codespace/.m2/repository/org/apache/tomcat/embed/tomcat-embed-core/10.1.36/tomcat-embed-core-10.1.36.jar:/home/codespace/.m2/repository/org/apache/tomcat/embed/tomcat-embed-el/10.1.36/tomcat-embed-el-10.1.36.jar:/home/codespace/.m2/repository/org/apache/tomcat/embed/tomcat-embed-websocket/10.1.36/tomcat-embed-websocket-10.1.36.jar:/home/codespace/.m2/repository/org/springframework/spring-web/6.2.3/spring-web-6.2.3.jar:/home/codespace/.m2/repository/io/micrometer/micrometer-observation/1.14.4/micrometer-observation-1.14.4.jar:/home/codespace/.m2/repository/io/micrometer/micrometer-commons/1.14.4/micrometer-commons-1.14.4.jar:/home/codespace/.m2/repository/org/springframework/spring-webmvc/6.2.3/spring-webmvc-6.2.3.jar:/home/codespace/.m2/repository/org/springframework/spring-expression/6.2.3/spring-expression-6.2.3.jar:/home/codespace/.m2/repository/org/springframework/boot/spring-boot-devtools/3.4.3/spring-boot-devtools-3.4.3.jar:/home/codespace/.m2/repository/org/springframework/boot/spring-boot/3.4.3/spring-boot-3.4.3.jar:/home/codespace/.m2/repository/org/springframework/boot/spring-boot-autoconfigure/3.4.3/spring-boot-autoconfigure-3.4.3.jar:/home/codespace/.m2/repository/org/postgresql/postgresql/42.7.5/postgresql-42.7.5.jar:/home/codespace/.m2/repository/org/checkerframework/checker-qual/3.48.3/checker-qual-3.48.3.jar:/home/codespace/.m2/repository/org/projectlombok/lombok/1.18.36/lombok-1.18.36.jar:/home/codespace/.m2/repository/org/springframework/boot/spring-boot-starter-test/3.4.3/spring-boot-starter-test-3.4.3.jar:/home/codespace/.m2/repository/org/springframework/boot/spring-boot-test/3.4.3/spring-boot-test-3.4.3.jar:/home/codespace/.m2/repository/org/springframework/boot/spring-boot-test-autoconfigure/3.4.3/spring-boot-test-autoconfigure-3.4.3.jar:/home/codespace/.m2/repository/com/jayway/jsonpath/json-path/2.9.0/json-path-2.9.0.jar:/home/codespace/.m2/repository/jakarta/xml/bind/jakarta.xml.bind-api/4.0.2/jakarta.xml.bind-api-4.0.2.jar:/home/codespace/.m2/repository/jakarta/activation/jakarta.activation-api/2.1.3/jakarta.activation-api-2.1.3.jar:/home/codespace/.m2/repository/net/minidev/json-smart/2.5.2/json-smart-2.5.2.jar:/home/codespace/.m2/repository/net/minidev/accessors-smart/2.5.2/accessors-smart-2.5.2.jar:/home/codespace/.m2/repository/org/ow2/asm/asm/9.7.1/asm-9.7.1.jar:/home/codespace/.m2/repository/org/assertj/assertj-core/3.26.3/assertj-core-3.26.3.jar:/home/codespace/.m2/repository/org/awaitility/awaitility/4.2.2/awaitility-4.2.2.jar:/home/codespace/.m2/repository/org/hamcrest/hamcrest/2.2/hamcrest-2.2.jar:/home/codespace/.m2/repository/org/junit/jupiter/junit-jupiter/5.11.4/junit-jupiter-5.11.4.jar:/home/codespace/.m2/repository/org/junit/jupiter/junit-jupiter-api/5.11.4/junit-jupiter-api-5.11.4.jar:/home/codespace/.m2/repository/org/opentest4j/opentest4j/1.3.0/opentest4j-1.3.0.jar:/home/codespace/.m2/repository/org/junit/platform/junit-platform-commons/1.11.4/junit-platform-commons-1.11.4.jar:/home/codespace/.m2/repository/org/apiguardian/apiguardian-api/1.1.2/apiguardian-api-1.1.2.jar:/home/codespace/.m2/repository/org/junit/jupiter/junit-jupiter-params/5.11.4/junit-jupiter-params-5.11.4.jar:/home/codespace/.m2/repository/org/junit/jupiter/junit-jupiter-engine/5.11.4/junit-jupiter-engine-5.11.4.jar:/home/codespace/.m2/repository/org/junit/platform/junit-platform-engine/1.11.4/junit-platform-engine-1.11.4.jar:/home/codespace/.m2/repository/org/mockito/mockito-core/5.14.2/mockito-core-5.14.2.jar:/home/codespace/.m2/repository/net/bytebuddy/byte-buddy-agent/1.15.11/byte-buddy-agent-1.15.11.jar:/home/codespace/.m2/repository/org/objenesis/objenesis/3.3/objenesis-3.3.jar:/home/codespace/.m2/repository/org/mockito/mockito-junit-jupiter/5.14.2/mockito-junit-jupiter-5.14.2.jar:/home/codespace/.m2/repository/org/skyscreamer/jsonassert/1.5.3/jsonassert-1.5.3.jar:/home/codespace/.m2/repository/com/vaadin/external/google/android-json/0.0.20131108.vaadin1/android-json-0.0.20131108.vaadin1.jar:/home/codespace/.m2/repository/org/springframework/spring-core/6.2.3/spring-core-6.2.3.jar:/home/codespace/.m2/repository/org/springframework/spring-jcl/6.2.3/spring-jcl-6.2.3.jar:/home/codespace/.m2/repository/org/springframework/spring-test/6.2.3/spring-test-6.2.3.jar:/home/codespace/.m2/repository/org/xmlunit/xmlunit-core/2.10.0/xmlunit-core-2.10.0.jar:/home/codespace/.m2/repository/org/springframework/boot/spring-boot-starter-security/3.4.3/spring-boot-starter-security-3.4.3.jar:/home/codespace/.m2/repository/org/springframework/spring-aop/6.2.3/spring-aop-6.2.3.jar:/home/codespace/.m2/repository/org/springframework/security/spring-security-config/6.4.3/spring-security-config-6.4.3.jar:/home/codespace/.m2/repository/org/springframework/security/spring-security-core/6.4.3/spring-security-core-6.4.3.jar:/home/codespace/.m2/repository/org/springframework/security/spring-security-crypto/6.4.3/spring-security-crypto-6.4.3.jar:/home/codespace/.m2/repository/org/springframework/security/spring-security-web/6.4.3/spring-security-web-6.4.3.jar:/home/codespace/.m2/repository/org/mapstruct/mapstruct/1.5.3.Final/mapstruct-1.5.3.Final.jar:/home/codespace/.m2/repository/org/mapstruct/mapstruct-processor/1.5.3.Final/mapstruct-processor-1.5.3.Final.jar:"/>
    <property name="sun.cpu.endian" value="little"/>
    <property name="user.home" value="/home/codespace"/>
    <property name="user.language" value="en"/>
    <property name="java.specification.vendor" value="Oracle Corporation"/>
    <property name="java.version.date" value="2025-01-21"/>
    <property name="java.home" value="/usr/lib/jvm/java-17-openjdk-amd64"/>
    <property name="file.separator" value="/"/>
    <property name="basedir" value="/workspaces/transportation/transportation-codespace-stunning-space-meme-6r5x47jgxrw247v4"/>
    <property name="java.vm.compressedOopsMode" value="32-bit"/>
    <property name="line.separator" value="&#10;"/>
    <property name="java.specification.name" value="Java Platform API Specification"/>
    <property name="java.vm.specification.vendor" value="Oracle Corporation"/>
    <property name="FILE_LOG_CHARSET" value="UTF-8"/>
    <property name="java.awt.headless" value="true"/>
    <property name="surefire.real.class.path" value="/workspaces/transportation/transportation-codespace-stunning-space-meme-6r5x47jgxrw247v4/target/surefire/surefirebooter-20250325122344357_3.jar"/>
    <property name="sun.management.compiler" value="HotSpot 64-Bit Tiered Compilers"/>
    <property name="java.runtime.version" value="17.0.14+7-Ubuntu-120.04"/>
    <property name="user.name" value="codespace"/>
    <property name="path.separator" value=":"/>
    <property name="os.version" value="6.8.0-1021-azure"/>
    <property name="java.runtime.name" value="OpenJDK Runtime Environment"/>
    <property name="file.encoding" value="UTF-8"/>
    <property name="java.vm.name" value="OpenJDK 64-Bit Server VM"/>
    <property name="localRepository" value="/home/codespace/.m2/repository"/>
    <property name="java.vendor.url.bug" value="https://bugs.launchpad.net/ubuntu/+source/openjdk-17"/>
    <property name="java.io.tmpdir" value="/tmp"/>
    <property name="java.version" value="17.0.14"/>
    <property name="user.dir" value="/workspaces/transportation/transportation-codespace-stunning-space-meme-6r5x47jgxrw247v4"/>
    <property name="os.arch" value="amd64"/>
    <property name="java.vm.specification.name" value="Java Virtual Machine Specification"/>
    <property name="PID" value="192464"/>
    <property name="CONSOLE_LOG_CHARSET" value="UTF-8"/>
    <property name="native.encoding" value="UTF-8"/>
    <property name="java.library.path" value="/usr/java/packages/lib:/usr/lib/x86_64-linux-gnu/jni:/lib/x86_64-linux-gnu:/usr/lib/x86_64-linux-gnu:/usr/lib/jni:/lib:/usr/lib"/>
    <property name="java.vm.info" value="mixed mode, sharing"/>
    <property name="java.vendor" value="Ubuntu"/>
    <property name="java.vm.version" value="17.0.14+7-Ubuntu-120.04"/>
    <property name="java.specification.maintenance.version" value="1"/>
    <property name="sun.io.unicode.encoding" value="UnicodeLittle"/>
    <property name="java.class.version" value="61.0"/>
  </properties>
  <testcase name="contextLoads" classname="com.example.poc.PocSpringPostgresApplicationTests" time="0.794">
    <system-out><![CDATA[12:23:45.592 [main] INFO org.springframework.boot.devtools.restart.RestartApplicationListener -- Restart disabled due to context in which it is running

  .   ____          _            __ _ _
 /\\ / ___'_ __ _ _(_)_ __  __ _ \ \ \ \
( ( )\___ | '_ | '_| | '_ \/ _` | \ \ \ \
 \\/  ___)| |_)| | | | | || (_| |  ) ) ) )
  '  |____| .__|_| |_|_| |_\__, | / / / /
 =========|_|==============|___/=/_/_/_/

 :: Spring Boot ::                (v3.4.3)

2025-03-25T12:23:46.164Z  INFO 192464 --- [           main] c.e.p.PocSpringPostgresApplicationTests  : Starting PocSpringPostgresApplicationTests using Java 17.0.14 with PID 192464 (started by codespace in /workspaces/transportation/transportation-codespace-stunning-space-meme-6r5x47jgxrw247v4)
2025-03-25T12:23:46.170Z  INFO 192464 --- [           main] c.e.p.PocSpringPostgresApplicationTests  : No active profile set, falling back to 1 default profile: "default"
2025-03-25T12:23:46.665Z  INFO 192464 --- [           main] c.e.p.PocSpringPostgresApplicationTests  : Started PocSpringPostgresApplicationTests in 1.089 seconds (process running for 2.222)
]]></system-out>
  </testcase>
</testsuite>